SF:lib\src\modules\tasks\external\isar\task_model.dart
DA:28,1
DA:37,0
DA:38,0
DA:39,0
DA:40,0
DA:41,0
DA:42,0
DA:43,0
DA:45,0
DA:54,0
DA:55,0
DA:56,0
DA:57,0
DA:58,0
DA:59,0
DA:60,0
LF:16
LH:1
end_of_record
SF:lib\src\modules\tasks\infra\repositories\tasks_repository.dart
DA:9,1
DA:11,1
DA:13,2
DA:16,1
DA:18,2
DA:21,0
DA:23,0
LF:7
LH:5
end_of_record
SF:lib\src\modules\tasks\domain\entities\task_entity.dart
DA:9,2
DA:18,0
DA:26,0
DA:27,0
DA:28,0
DA:29,0
DA:30,0
DA:31,0
DA:32,0
LF:9
LH:1
end_of_record
SF:lib\src\core\bindings\app_bindings.dart
DA:6,2
DA:7,2
DA:8,6
LF:3
LH:3
end_of_record
SF:lib\src\modules\tasks\presentation\blocs\cubits\tasks_cubit.dart
DA:16,2
DA:18,4
DA:30,2
DA:31,4
DA:32,2
DA:35,0
DA:36,0
DA:38,0
DA:39,0
DA:40,0
DA:41,0
DA:44,0
DA:45,0
DA:46,0
DA:49,0
DA:52,2
DA:53,4
DA:54,2
DA:55,4
DA:57,4
DA:61,0
DA:62,0
DA:64,0
DA:65,0
DA:66,0
DA:68,0
DA:71,0
DA:72,0
DA:73,0
DA:76,0
DA:77,0
DA:78,0
DA:81,0
DA:82,0
DA:83,0
DA:84,0
DA:85,0
DA:88,0
DA:90,0
DA:93,0
DA:95,0
LF:41
LH:10
end_of_record
SF:lib\src\modules\tasks\presentation\blocs\states\tasks_state.dart
DA:12,2
DA:16,6
LF:2
LH:2
end_of_record
SF:lib\src\shared\utils\validation\validation_helper.dart
DA:3,0
DA:5,0
DA:6,0
DA:9,0
DA:10,0
DA:11,0
DA:15,0
LF:7
LH:0
end_of_record
SF:lib\src\shared\utils\validation\validation_mixin.dart
DA:6,0
DA:12,0
DA:13,0
DA:16,0
DA:21,0
DA:28,0
DA:29,0
DA:30,0
DA:32,0
DA:37,0
DA:43,0
DA:44,0
DA:48,0
DA:49,0
DA:50,0
DA:52,0
DA:53,0
DA:58,0
DA:59,0
DA:63,0
DA:65,0
DA:66,0
DA:69,0
DA:80,0
DA:85,0
DA:86,0
DA:88,0
DA:92,0
LF:28
LH:0
end_of_record
SF:lib\src\modules\tasks\presentation\pages\tasks_page.dart
DA:24,1
DA:29,1
DA:30,1
DA:34,1
DA:36,1
DA:37,3
DA:40,1
DA:42,1
DA:43,1
DA:44,1
DA:49,1
DA:50,1
DA:51,1
DA:53,1
DA:54,2
DA:55,1
DA:57,1
DA:61,1
DA:66,1
DA:67,1
DA:69,1
DA:70,1
DA:71,2
DA:72,2
DA:74,1
DA:75,3
DA:76,3
DA:77,3
DA:82,1
DA:85,0
DA:86,2
DA:88,2
DA:89,3
DA:90,3
DA:91,3
DA:92,3
DA:93,0
DA:94,0
DA:107,1
DA:108,0
DA:112,0
DA:113,0
DA:114,0
DA:116,0
DA:117,0
DA:123,0
DA:124,0
DA:126,0
DA:127,0
DA:129,0
DA:132,0
DA:133,0
DA:134,0
DA:135,0
DA:136,0
DA:138,0
DA:139,0
DA:140,0
DA:142,0
DA:143,0
DA:144,0
DA:149,0
DA:152,0
DA:154,0
DA:156,0
DA:157,0
DA:158,0
DA:160,0
DA:161,0
DA:162,0
DA:167,0
DA:172,0
DA:173,0
DA:174,0
DA:175,0
DA:176,0
DA:178,0
DA:179,0
DA:180,0
DA:182,0
DA:183,0
DA:184,0
DA:189,0
DA:191,0
LF:84
LH:36
end_of_record
SF:lib\src\core\style\app_style_colors.dart
DA:6,3
DA:10,0
LF:2
LH:1
end_of_record
SF:lib\src\shared\utils\color\hex_to_color.dart
DA:4,1
DA:5,1
DA:6,3
LF:3
LH:3
end_of_record
SF:lib\src\modules\tasks\widgets\carrousel_slider_widget.dart
DA:13,1
DA:19,1
DA:20,1
DA:26,1
DA:28,1
DA:29,2
DA:31,1
DA:32,1
DA:33,1
DA:34,3
DA:35,0
DA:36,0
DA:37,0
DA:40,2
DA:42,1
DA:44,1
DA:46,1
DA:47,1
DA:48,2
DA:63,2
DA:70,1
DA:72,1
DA:73,1
DA:74,1
DA:75,1
DA:76,1
DA:79,1
DA:80,2
DA:82,3
DA:83,3
DA:84,0
DA:90,1
DA:91,1
DA:93,1
DA:94,1
DA:95,1
DA:96,1
DA:97,1
DA:98,2
DA:101,1
DA:103,1
DA:106,1
DA:107,1
DA:108,1
DA:118,1
DA:119,1
LF:46
LH:42
end_of_record
SF:lib\src\modules\tasks\widgets\tasks_empty_state_widget.dart
DA:4,1
DA:6,1
DA:8,1
DA:9,4
DA:10,1
DA:13,1
DA:14,1
LF:7
LH:7
end_of_record
SF:lib\src\shared\components\actions\c_task_checkbox_tile.dart
DA:11,2
DA:20,1
DA:22,1
DA:23,1
DA:24,1
DA:26,1
DA:27,1
DA:28,1
DA:34,1
DA:35,1
DA:36,2
DA:37,1
DA:38,1
DA:40,1
DA:43,1
DA:44,1
DA:47,1
DA:49,1
DA:50,1
DA:51,1
DA:54,1
DA:56,1
DA:57,1
DA:60,1
DA:61,1
DA:62,1
DA:64,1
DA:65,1
DA:71,1
DA:72,1
LF:30
LH:30
end_of_record
SF:lib\src\shared\components\buttons\c_button.dart
DA:48,0
DA:60,0
DA:62,0
DA:63,0
DA:64,0
DA:65,0
DA:66,0
DA:68,0
DA:70,0
DA:78,0
DA:79,0
DA:80,0
DA:81,0
DA:82,0
DA:83,0
DA:85,0
DA:87,0
DA:88,0
DA:89,0
DA:91,0
DA:92,0
DA:96,0
DA:100,0
DA:101,0
DA:102,0
DA:113,0
DA:114,0
DA:117,0
DA:120,0
DA:122,0
DA:123,0
DA:124,0
DA:125,0
DA:127,0
DA:128,0
DA:129,0
DA:130,0
DA:134,0
DA:135,0
DA:136,0
DA:141,0
DA:143,0
DA:146,0
LF:43
LH:0
end_of_record
SF:lib\src\shared\components\buttons\c_floating_action_button.dart
DA:5,1
DA:7,1
DA:9,1
DA:11,1
LF:4
LH:4
end_of_record
SF:lib\src\shared\components\forms\c_text_form.dart
DA:23,0
DA:38,0
DA:39,0
DA:44,0
DA:46,0
DA:48,0
DA:49,0
DA:50,0
DA:51,0
DA:52,0
DA:53,0
DA:54,0
DA:55,0
DA:56,0
DA:57,0
DA:58,0
DA:59,0
DA:60,0
DA:61,0
DA:62,0
DA:66,0
DA:67,0
DA:72,0
DA:74,0
DA:80,0
DA:82,0
DA:83,0
DA:84,0
DA:89,0
DA:90,0
DA:91,0
DA:93,0
DA:94,0
DA:95,0
DA:98,0
DA:107,0
DA:109,0
DA:110,0
DA:112,0
LF:39
LH:0
end_of_record
SF:lib\src\shared\components\overlays\c_dialog.dart
DA:4,0
DA:14,0
DA:17,0
DA:18,0
DA:20,0
DA:24,0
DA:25,0
DA:26,0
DA:27,0
DA:29,0
DA:32,0
DA:33,0
DA:39,0
LF:13
LH:0
end_of_record
SF:lib\src\shared\components\overlays\c_snack_bar.dart
DA:9,0
DA:10,0
DA:11,0
DA:15,0
DA:19,0
DA:20,0
LF:6
LH:0
end_of_record
SF:lib\src\modules\tasks\widgets\tasks_skeleton_widget.dart
DA:8,1
DA:10,1
DA:12,1
DA:13,1
DA:14,1
DA:15,1
DA:17,1
DA:24,1
DA:26,1
DA:27,1
DA:29,1
LF:11
LH:11
end_of_record
SF:lib\src\modules\tasks\widgets\carrousel_indicator_widget.dart
DA:9,1
DA:15,1
DA:17,1
DA:19,1
DA:20,2
DA:21,4
DA:29,1
DA:31,1
DA:33,1
DA:36,1
DA:38,1
DA:40,2
DA:41,1
LF:13
LH:13
end_of_record
SF:lib\src\shared\utils\masks\masks_formatter.dart
DA:4,0
LF:1
LH:0
end_of_record
